app/build/outputs/mapping/release/seeds.txt
com.example.appbook.models.ModelCategory
com.example.appbook.utils.EncryptionHelper
com.example.appbook.activities.SplashActivity
com.example.appbook.activities.MainActivity
com.example.appbook.activities.ReadingActivity
com.example.appbook.activities.ProfileActivity
com.example.appbook.models.ModelBook
com.example.appbook.activities.RegisterActivity
com.example.appbook.activities.BookDetailActivity
com.example.appbook.fragment.RecommendFragment
com.example.appbook.models.ModelComment
com.example.appbook.ContinueReadingWidget
com.example.appbook.activities.DashboardUserActivity
com.example.appbook.activities.LoginActivity
com.example.appbook.MyApplication
com.example.appbook.models.ModelChapter
com.example.appbook.activities.ForgotPasswordActivity
com.example.appbook.fragment.BooksUserFragment
com.example.appbook.fragment.TranslateFragment
com.example.appbook.activities.ProfileEditActivity
com.example.appbook.models.ModelBook: java.lang.String categoryId
com.example.appbook.models.ModelBook: boolean isFavorite
com.example.appbook.models.ModelComment: long timestamp
com.example.appbook.models.ModelComment: java.lang.String bookId
com.example.appbook.models.ModelBook: java.lang.String uid
com.example.appbook.models.ModelCategory: java.lang.String uid
com.example.appbook.models.ModelComment: java.lang.String uid
com.example.appbook.models.ModelCategory: long timestamp
com.example.appbook.models.ModelBook: java.lang.String author
com.example.appbook.models.ModelBook: java.lang.String title
com.example.appbook.models.ModelBook: java.lang.String imageUrl
com.example.appbook.models.ModelComment: java.lang.String comment
com.example.appbook.models.ModelBook: long viewsCount
com.example.appbook.models.ModelChapter: java.lang.String bookId
com.example.appbook.models.ModelComment: long replyTimestamp
com.example.appbook.models.ModelChapter: long timestamp
com.example.appbook.models.ModelBook: long timestamp
com.example.appbook.models.ModelBook: long downloadsCount
com.example.appbook.models.ModelChapter: java.lang.String id
com.example.appbook.models.ModelBook: java.lang.String id
com.example.appbook.models.ModelCategory: java.lang.String id
com.example.appbook.models.ModelComment: java.lang.String id
com.example.appbook.models.ModelComment: java.lang.String adminReply
com.example.appbook.models.ModelChapter: java.lang.String title
com.example.appbook.models.ModelChapter: java.lang.String content
com.example.appbook.models.ModelCategory: java.lang.String category
com.example.appbook.models.ModelBook: java.lang.String description
com.example.appbook.models.ModelChapter: ModelChapter(java.lang.String,java.lang.String,java.lang.String,java.lang.String,long,int,kotlin.jvm.internal.DefaultConstructorMarker)
com.example.appbook.models.ModelCategory: java.lang.String component3()
com.example.appbook.models.ModelComment: boolean equals(java.lang.Object)
com.example.appbook.models.ModelCategory: void setTimestamp(long)
com.example.appbook.models.ModelChapter: java.lang.String component4()
com.example.appbook.activities.RegisterActivity: RegisterActivity()
com.example.appbook.models.ModelBook: void setAuthor(java.lang.String)
com.example.appbook.models.ModelBook: void setTitle(java.lang.String)
com.example.appbook.models.ModelBook: void setCategoryId(java.lang.String)
com.example.appbook.models.ModelCategory: java.lang.String toString()
com.example.appbook.models.ModelComment: java.lang.String getId()
com.example.appbook.models.ModelBook: java.lang.String getUid()
com.example.appbook.models.ModelBook: boolean component11()
com.example.appbook.models.ModelBook: java.lang.String component3()
com.example.appbook.models.ModelCategory: ModelCategory(java.lang.String,java.lang.String,java.lang.String,long,int,kotlin.jvm.internal.DefaultConstructorMarker)
com.example.appbook.utils.EncryptionHelper: java.lang.String getAesKeyFromNative()
com.example.appbook.models.ModelChapter: void setBookId(java.lang.String)
...
com.google.android.material.textfield.TextInputLayout: float getBoxCornerRadiusTopStart()
com.google.android.gms.internal.measurement.zzpb: java.lang.Object get()
com.google.android.gms.internal.firebase-auth-api.zzya: zzya(byte[],com.google.android.gms.internal.firebase-auth-api.zzzn)
com.google.android.gms.internal.measurement.zzm: zzm(com.google.android.gms.internal.measurement.zzn,java.lang.String,com.google.android.gms.internal.measurement.zzo)
com.google.android.gms.internal.firebase-auth-api.zzaly: com.google.android.gms.internal.firebase-auth-api.zzamc zza(java.lang.Class)
com.google.android.gms.internal.firebase-auth-api.zzxo: void zza(com.google.android.gms.internal.firebase-auth-api.zzxo,com.google.android.gms.internal.firebase-auth-api.zzaiw)
com.google.android.gms.internal.auth.zzhv: zzhv()
com.google.android.gms.internal.firebase-auth-api.zzoh: void zza(com.google.android.gms.internal.firebase-auth-api.zzog,java.lang.Class)
com.google.android.gms.internal.firebase-auth-api.zzvy: void zza(com.google.android.gms.internal.firebase-auth-api.zzvy,com.google.android.gms.internal.firebase-auth-api.zzaiw)
androidx.fragment.app.FragmentContainerView: void setOnApplyWindowInsetsListener(android.view.View$OnApplyWindowInsetsListener)
com.google.android.gms.internal.mlkit_common.zzkg: void encode(java.lang.Object,java.lang.Object)
com.google.android.material.floatingactionbutton.FloatingActionButton: int getSize()
com.google.android.recaptcha.internal.zzeu: zzeu(java.lang.String)
com.google.android.material.chip.Chip: void setTextEndPaddingResource(int)
com.google.android.recaptcha.internal.zzdr: zzdr(com.google.android.recaptcha.internal.zzdt,kotlin.coroutines.Continuation)
com.google.android.gms.internal.firebase-auth-api.zzact: zzact(java.lang.String,com.google.firebase.auth.ActionCodeSettings,java.lang.String,java.lang.String,java.lang.String)
com.google.android.gms.internal.firebase-auth-api.zzahi: com.google.android.gms.internal.firebase-auth-api.zzahf zza()
com.google.android.gms.internal.fido.zzo: zzo()
com.google.android.gms.internal.mlkit_common.zzsr: void run()
com.google.android.gms.auth.api.signin.RevocationBoundService: RevocationBoundService()
androidx.core.view.WindowInsetsCompat$Impl20: void copyWindowDataInto(androidx.core.view.WindowInsetsCompat)
com.google.android.gms.internal.firebase-auth-api.zzaaw: void zza(java.lang.Object)
com.google.android.recaptcha.internal.zzpv: java.lang.String zzd(byte[],int,int)
com.google.android.gms.internal.measurement.zzje: void zzb(com.google.android.gms.internal.measurement.zzjd)
com.google.android.gms.internal.firebase-auth-api.zzvb$zza: zzvb$zza()
com.google.android.gms.internal.firebase-auth-api.zzjf: zzjf()
com.google.android.gms.fido.fido2.api.common.Attachment: com.google.android.gms.fido.fido2.api.common.Attachment[] values()
com.google.android.gms.internal.mlkit_common.zzgj: void encode(java.lang.Object,java.lang.Object)
com.google.android.gms.internal.mlkit_translate.zzvo: long zze(long,java.lang.String)
com.google.android.gms.internal.measurement.zzku: void removeRange(int,int)
com.google.android.recaptcha.internal.zzmx: com.google.android.recaptcha.internal.zznd zzj()
com.google.android.gms.internal.firebase-auth-api.zzanm: void zzb(int,java.util.List,com.google.android.gms.internal.firebase-auth-api.zzamc)
com.google.android.gms.internal.firebase-auth-api.zzado: void zza(java.lang.String,com.google.android.gms.internal.firebase-auth-api.zzadm)
com.google.android.gms.internal.firebase-auth-api.zzame: void zzf(int,java.util.List,com.google.android.gms.internal.firebase-auth-api.zzanm,boolean)
com.google.android.gms.internal.measurement.zzho: void zzd(com.google.android.gms.internal.measurement.zzho,java.lang.String)
com.google.android.gms.internal.measurement.zzgl: boolean zzf()
com.google.android.gms.internal.auth-api.zbai: boolean zba(int,android.os.Parcel,android.os.Parcel,int)