app/build/outputs/mapping/release/usage.txt
com.example.appbook.BuildConfig
com.example.appbook.Constants
com.example.appbook.R$attr
com.example.appbook.R$color:
    public static int gray01
    public static int gray02
    public static int gray03
    public static int gray04
    public static int light_blue_200
    public static int light_blue_50
    public static int light_blue_600
    public static int light_blue_900
    public static int purple_500
    private void <init>()
com.example.appbook.R$dimen
com.example.appbook.R$drawable:
    public static int app_widget_background
    public static int app_widget_inner_view_background
    public static int background
    public static int bg_btn_play
    public static int bg_button_primary
    public static int bg_circle
    public static int bg_circle_button
    public static int bg_search_input
    public static int bg_widget_button
    public static int bg_widget_modern
    public static int bg_widget_rounded
    public static int example_appwidget_preview
    public static int ic_attach_white
    public static int ic_back_black
    public static int ic_back_white
    public static int ic_category_gray
    public static int ic_check
    public static int ic_comment_add_black
    public static int ic_comment_black
    public static int ic_delete_white
    public static int ic_down_gray
    public static int ic_download_white
    public static int ic_edit_white
    public static int ic_email_gray
    public static int ic_file_size
    public static int ic_headphones
    public static int ic_launcher_background
    public static int ic_launcher_foreground
    public static int ic_list
    public static int ic_lock_gray
    public static int ic_logout_white
    public static int ic_more_black
    public static int ic_pages
    public static int ic_pdf_gray
    public static int ic_pdf_white
    public static int ic_person_white
    public static int ic_search_gray
    public static int ic_settings
    public static int ic_speed
com.example.appbook.R$id:
    public static int mainLayout
    public static int passwordHint
    public static int passwordInput
    public static int passwordLayout
    private void <init>()
com.example.appbook.R$layout:
    public static int activity_model_pdf
    public static int dialog_loading
    public static int dialog_password_prompt
    private void <init>()
com.example.appbook.R$mipmap
com.example.appbook.R$string
com.example.appbook.R$style:
    public static int Base_Theme_AppBook
    public static int CircleImageStyle
    public static int Theme_AppBook
    public static int Theme_MaterialComponents_Light_NoActionBar_AppWidgetContainer
    public static int Theme_MaterialComponents_Light_NoActionBar_AppWidgetContainerParent
    public static int Widget_AppBook_AppWidget_Container
    public static int Widget_AppBook_AppWidget_InnerView
    public static int styleCircleImage
    public static int styleRoundedCornersImage
    private void <init>()
com.example.appbook.R$styleable
com.example.appbook.R$xml
com.example.appbook.R
com.example.appbook.activities.BookDetailActivity:
    public static final java.lang.String TAG
com.example.appbook.activities.ReadingActivity:
    private static final java.lang.String TAG
com.example.appbook.adapters.AdapterBookSearch:
    public final java.util.ArrayList getBookList()
    public final android.content.Context getContext()
    public final void setBookList(java.util.ArrayList)
com.example.appbook.adapters.AdapterBookUser:
    public final java.util.ArrayList getPdfArrayList()
    public final void setPdfArrayList(java.util.ArrayList)
com.example.appbook.adapters.AdapterComment:
    public final java.util.ArrayList getCommentArrayList()
...
com.tom_roush.pdfbox.pdmodel.font.PDCIDFontType0$FF3ByteSource
com.tom_roush.pdfbox.pdmodel.font.PDCIDFontType0
com.tom_roush.pdfbox.pdmodel.font.PDCIDFontType2
com.tom_roush.pdfbox.pdmodel.font.PDCIDFontType2Embedder$1
com.tom_roush.pdfbox.pdmodel.font.PDCIDFontType2Embedder$State
com.tom_roush.pdfbox.pdmodel.font.PDCIDFontType2Embedder
com.tom_roush.pdfbox.pdmodel.font.PDCIDSystemInfo
com.tom_roush.pdfbox.pdmodel.font.PDFont
com.tom_roush.pdfbox.pdmodel.font.PDFontDescriptor
com.tom_roush.pdfbox.pdmodel.font.PDFontFactory
com.tom_roush.pdfbox.pdmodel.font.PDFontLike
com.tom_roush.pdfbox.pdmodel.font.PDMMType1Font
com.tom_roush.pdfbox.pdmodel.font.PDPanose
com.tom_roush.pdfbox.pdmodel.font.PDPanoseClassification
com.tom_roush.pdfbox.pdmodel.font.PDSimpleFont
com.tom_roush.pdfbox.pdmodel.font.PDTrueTypeFont
com.tom_roush.pdfbox.pdmodel.font.PDTrueTypeFontEmbedder
com.tom_roush.pdfbox.pdmodel.font.PDType0Font
com.tom_roush.pdfbox.pdmodel.font.PDType1CFont$1
com.tom_roush.pdfbox.pdmodel.font.PDType1CFont$FF3ByteSource
com.tom_roush.pdfbox.pdmodel.font.PDType1CFont
com.tom_roush.pdfbox.pdmodel.font.PDType1Font
com.tom_roush.pdfbox.pdmodel.font.PDType1FontEmbedder
com.tom_roush.pdfbox.pdmodel.font.PDType3CharProc
com.tom_roush.pdfbox.pdmodel.font.PDType3Font
com.tom_roush.pdfbox.pdmodel.font.PDVectorFont
com.tom_roush.pdfbox.pdmodel.font.Standard14Fonts
com.tom_roush.pdfbox.pdmodel.font.Subsetter
com.tom_roush.pdfbox.pdmodel.font.ToUnicodeWriter
com.tom_roush.pdfbox.pdmodel.font.TrueTypeEmbedder
com.tom_roush.pdfbox.pdmodel.font.UniUtil
com.tom_roush.pdfbox.pdmodel.font.encoding.BuiltInEncoding
com.tom_roush.pdfbox.pdmodel.font.encoding.DictionaryEncoding
com.tom_roush.pdfbox.pdmodel.font.encoding.Encoding
com.tom_roush.pdfbox.pdmodel.font.encoding.GlyphList
com.tom_roush.pdfbox.pdmodel.font.encoding.MacExpertEncoding
com.tom_roush.pdfbox.pdmodel.font.encoding.MacOSRomanEncoding
com.tom_roush.pdfbox.pdmodel.font.encoding.MacRomanEncoding
com.tom_roush.pdfbox.pdmodel.font.encoding.StandardEncoding
com.tom_roush.pdfbox.pdmodel.font.encoding.SymbolEncoding
com.tom_roush.pdfbox.pdmodel.font.encoding.Type1Encoding
com.tom_roush.pdfbox.pdmodel.font.encoding.WinAnsiEncoding
com.tom_roush.pdfbox.pdmodel.font.encoding.ZapfDingbatsEncoding
com.tom_roush.pdfbox.pdmodel.graphics.PDFontSetting
com.tom_roush.pdfbox.pdmodel.graphics.PDLineDashPattern:
    public void <init>()
    public float[] getDashArray()
    public int getPhase()
com.tom_roush.pdfbox.pdmodel.graphics.PDXObject:
    protected void <init>(com.tom_roush.pdfbox.pdmodel.PDDocument,com.tom_roush.pdfbox.cos.COSName)
    public final com.tom_roush.pdfbox.cos.COSStream getCOSStream()
    public final com.tom_roush.pdfbox.pdmodel.common.PDStream getPDStream()
    public final com.tom_roush.pdfbox.pdmodel.common.PDStream getStream()
com.tom_roush.pdfbox.pdmodel.graphics.blend.BlendMode$10
com.tom_roush.pdfbox.pdmodel.graphics.blend.BlendMode$11
com.tom_roush.pdfbox.pdmodel.graphics.blend.BlendMode$12
com.tom_roush.pdfbox.pdmodel.graphics.blend.BlendMode$13
com.tom_roush.pdfbox.pdmodel.graphics.blend.BlendMode$14
com.tom_roush.pdfbox.pdmodel.graphics.blend.BlendMode$15
com.tom_roush.pdfbox.pdmodel.graphics.blend.BlendMode$16
com.tom_roush.pdfbox.pdmodel.graphics.blend.BlendMode$1
com.tom_roush.pdfbox.pdmodel.graphics.blend.BlendMode$2
com.tom_roush.pdfbox.pdmodel.graphics.blend.BlendMode$3
com.tom_roush.pdfbox.pdmodel.graphics.blend.BlendMode$4
com.tom_roush.pdfbox.pdmodel.graphics.blend.BlendMode$5
com.tom_roush.pdfbox.pdmodel.graphics.blend.BlendMode$6
com.tom_roush.pdfbox.pdmodel.graphics.blend.BlendMode$7
com.tom_roush.pdfbox.pdmodel.graphics.blend.BlendMode$8
com.tom_roush.pdfbox.pdmodel.graphics.blend.BlendMode$9
com.tom_roush.pdfbox.pdmodel.graphics.blend.BlendMode
com.tom_roush.pdfbox.pdmodel.graphics.blend.NonSeparableBlendMode
com.tom_roush.pdfbox.pdmodel.graphics.blend.SeparableBlendMode